Active-HDL 13.0.375.8320 2023-07-03 23:12:31

Elaboration top modules:
Architecture                  TB_ARCHITECTURE(models_tb)


-----------------------------------------------------------------------------------------------------
Entity    | Architecture    | Library       | Info | Compiler Version          | Compilation Options
-----------------------------------------------------------------------------------------------------
models_tb | TB_ARCHITECTURE | final_project |      | 13.0.375.8320 (Windows64) | -O3
Models    | Behavioral      | final_project |      | 13.0.375.8320 (Windows64) | -O3
-----------------------------------------------------------------------------------------------------

-----------------------------------------------------------------------------------------------------
VHDL Package                | Library       | Info | Compiler Version          | Compilation Options
-----------------------------------------------------------------------------------------------------
standard                    | std           |      |                           | <unavailable>
TEXTIO                      | std           |      | 13.0.375.8320 (Windows64) |  -2019
std_logic_1164              | ieee          |      | 13.0.375.8320 (Windows64) |  -2008
NUMERIC_STD                 | ieee          |      | 13.0.375.8320 (Windows64) |  -2008
-----------------------------------------------------------------------------------------------------

-----------------------------------------------------------------------------------------------------
Library                     | Comment
-----------------------------------------------------------------------------------------------------
final_project               | None
ieee                        | Standard IEEE packages library
std                         | Standard VHDL library
-----------------------------------------------------------------------------------------------------
